StarsSlots/StarsSlots/app/build/outputs/mapping/release/usage.txt
com.qwkaji.smndjb.wqaskv.BuildConfig
...
idasodqw.sadamoq.ccasda.Eandsdnafaas:
    private boolean aweboiabr
    private java.lang.String awevobiawrbe
    public java.lang.String getAwevobiawrbe()
    public boolean isAweboiabr()
    public void setAweboiabr(boolean)
    public void setAwevobiawrbe(java.lang.String)
idasodqw.sadamoq.ccasda.Gasdqnddas
idasodqw.sadamoq.ccasda.Kasduaqw:
    public void <init>(android.content.Context,android.util.AttributeSet)
idasodqw.sadamoq.ccasda.Lasdnaq
idasodqw.sadamoq.ccasda.Rdjnasdnqw:
    public java.lang.String awejioberb
    public java.lang.String vaiwerob
    public java.lang.String getAwejioberb()
    public java.lang.String getVaiwerob()
    public void setAwejioberb(java.lang.String)
    public void setVaiwerob(java.lang.String)
idasodqw.sadamoq.ccasda.Yasdnaiq$3:
    public int awejioberb()
idasodqw.sadamoq.ccasda.Yasdnaiq$5:
    public void avwiehrboier(androidx.recyclerview.widget.RecyclerView$ViewHolder)
    public void awejiovbaerb(androidx.recyclerview.widget.RecyclerView$ViewHolder,android.view.View)
    public void vajwioerbher(androidx.recyclerview.widget.RecyclerView$ViewHolder)
idasodqw.sadamoq.ccasda.Eandsdnafaas
idasodqw.sadamoq.ccasda.Pnasdanqw:
    public static synthetic int[] access$200(idasodqw.sadamoq.ccasda.Pnasdanqw)
    public static synthetic int access$300(idasodqw.sadamoq.ccasda.Pnasdanqw)
    public static synthetic void access$902(idasodqw.sadamoq.ccasda.Pnasdanqw)
    public final void ahweoigsheroib()
    public final void ahweoihareobi()
    public final void ajweiobhaeur()
    public final void akwehvbaierb()
    public final void awehivbaerb()
    public final void aweihaoeirb()
    public final void awejivhibuaerb()
    public final void awevhioaerb()
    public final void hawiegheior()
    public final void jaojiwehrseorib()
    public final void vajwioeeroib()
    public final void vhaweirhub()
    public final void werbern()
idasodqw.sadamoq.ccasda.Rdjnasdnqw
idasodqw.sadamoq.ccasda.Yasdnaiq$3
idasodqw.sadamoq.ccasda.Yasdnaiq$5
idasodqw.sadamoq.ccasda.Yasdnaiq:
    public final void awejiovhaerwb()
    public final void awenovibaerb()